<?xml version="1.0" encoding="UTF-8"?>
<!-- Generated by org.testng.reporters.JUnitXMLReporter -->
<testsuite ignored="0" hostname="DESKTOP-VINCGOE" failures="2" tests="14" name="Test" time="143.79" errors="0" timestamp="2023-11-25T14:38:51 PST">
  <testcase classname="com.Qa.Tutorialsninja.TestCases.RegisterTest" name="verifyRegisterWithMandatoryDetails" time="2.072"/>
  <testcase classname="com.Qa.Tutorialsninja.TestCases.RegisterTest" name="verifyRegisterWithAllDetails" time="2.128"/>
  <testcase classname="com.Qa.Tutorialsninja.TestCases.RegisterTest" name="verifyRegisterWithExistingEmail" time="1.305">
    <failure type="java.lang.NullPointerException" message="Cannot invoke &amp;quot;java.lang.CharSequence.toString()&amp;quot; because &amp;quot;s&amp;quot; is null">
      <![CDATA[java.lang.NullPointerException: Cannot invoke "java.lang.CharSequence.toString()" because "s" is null
at java.base/java.lang.String.contains(String.java:2856)
at com.Qa.Tutorialsninja.TestCases.RegisterTest.verifyRegisterWithExistingEmail(RegisterTest.java:86)
at java.base/java.util.ArrayList.forEach(ArrayList.java:1511)
... Removed 27 stack frames]]>
    </failure>
  </testcase> <!-- verifyRegisterWithExistingEmail -->
  <testcase classname="com.Qa.Tutorialsninja.TestCases.RegisterTest" name="verifyRegisterWithNoDetails" time="0.76"/>
  <testcase classname="com.Qa.Tutorialsninja.TestCases.SearchProductTest" name="testSearchValidProduct" time="1.266"/>
  <testcase classname="com.Qa.Tutorialsninja.TestCases.SearchProductTest" name="testSearchNoProduct" time="1.539"/>
  <testcase classname="com.Qa.Tutorialsninja.TestCases.SearchProductTest" name="testSearchInvalidProduct" time="1.12"/>
  <testcase classname="com.Qa.Tutorialsninja.TestCases.LoginTest" name="verifyLoginWithValidEmailAndPassowrd" time="2.278"/>
  <testcase classname="com.Qa.Tutorialsninja.TestCases.LoginTest" name="verifyLoginWithValidEmailAndInvalidPassword" time="1.287"/>
  <testcase classname="com.Qa.Tutorialsninja.TestCases.LoginTest" name="verifyLoginWithInvalidEmailAndValidPassword" time="1.338"/>
  <testcase classname="com.Qa.Tutorialsninja.TestCases.LoginTest" name="verifyLoginWithInvalidEmailAndInvalidPassword" time="1.006"/>
  <testcase classname="com.Qa.Tutorialsninja.TestCases.LoginTest" name="verifyLoginWithValidEmailAndClickLoginButton" time="20.213">
    <failure type="org.openqa.selenium.NoSuchElementException" message="no such element: Unable to locate element: {&amp;quot;method&amp;quot;:&amp;quot;xpath&amp;quot;,&amp;quot;selector&amp;quot;:&amp;quot;//div[contains(@class,  &amp;apos;alert-dismissible&amp;apos;)]&amp;quot;}
  (Session info: MicrosoftEdge=119.0.2151.72)
For documentation on this error, please visit: https://www.selenium.dev/documentation/webdriver/troubleshooting/errors#no-such-element-exception
Build info: version: &amp;apos;4.12.1&amp;apos;, revision: &amp;apos;8e34639b11&amp;apos;
System info: os.name: &amp;apos;Windows 10&amp;apos;, os.arch: &amp;apos;amd64&amp;apos;, os.version: &amp;apos;10.0&amp;apos;, java.version: &amp;apos;17.0.8&amp;apos;
Driver info: org.openqa.selenium.edge.EdgeDriver
Command: [cc1f10bcaba2a6c11719bbfa4a4cf9ad, findElement {using=xpath, value=//div[contains(@class,  &amp;apos;alert-dismissible&amp;apos;)]}]
Capabilities {acceptInsecureCerts: false, browserName: msedge, browserVersion: 119.0.2151.72, fedcm:accounts: true, ms:edgeOptions: {debuggerAddress: localhost:51436}, msedge: {msedgedriverVersion: 119.0.2151.72 (e8225cce8e47..., userDataDir: C:\Users\Admin\AppData\Loca...}, networkConnectionEnabled: false, pageLoadStrategy: normal, platformName: windows, proxy: Proxy(), se:cdp: ws://localhost:51436/devtoo..., se:cdpVersion: 119.0.2151.72, setWindowRect: true, strictFileInteractability: false, timeouts: {implicit: 0, pageLoad: 300000, script: 30000}, unhandledPromptBehavior: dismiss and notify, webauthn:extension:credBlob: true, webauthn:extension:largeBlob: true, webauthn:extension:minPinLength: true, webauthn:extension:prf: true, webauthn:virtualAuthenticators: true}
Session ID: cc1f10bcaba2a6c11719bbfa4a4cf9ad">
      <![CDATA[org.openqa.selenium.NoSuchElementException: no such element: Unable to locate element: {"method":"xpath","selector":"//div[contains(@class,  'alert-dismissible')]"}
  (Session info: MicrosoftEdge=119.0.2151.72)
For documentation on this error, please visit: https://www.selenium.dev/documentation/webdriver/troubleshooting/errors#no-such-element-exception
Build info: version: '4.12.1', revision: '8e34639b11'
System info: os.name: 'Windows 10', os.arch: 'amd64', os.version: '10.0', java.version: '17.0.8'
Driver info: org.openqa.selenium.edge.EdgeDriver
Command: [cc1f10bcaba2a6c11719bbfa4a4cf9ad, findElement {using=xpath, value=//div[contains(@class,  'alert-dismissible')]}]
Capabilities {acceptInsecureCerts: false, browserName: msedge, browserVersion: 119.0.2151.72, fedcm:accounts: true, ms:edgeOptions: {debuggerAddress: localhost:51436}, msedge: {msedgedriverVersion: 119.0.2151.72 (e8225cce8e47..., userDataDir: C:\Users\Admin\AppData\Loca...}, networkConnectionEnabled: false, pageLoadStrategy: normal, platformName: windows, proxy: Proxy(), se:cdp: ws://localhost:51436/devtoo..., se:cdpVersion: 119.0.2151.72, setWindowRect: true, strictFileInteractability: false, timeouts: {implicit: 0, pageLoad: 300000, script: 30000}, unhandledPromptBehavior: dismiss and notify, webauthn:extension:credBlob: true, webauthn:extension:largeBlob: true, webauthn:extension:minPinLength: true, webauthn:extension:prf: true, webauthn:virtualAuthenticators: true}
Session ID: cc1f10bcaba2a6c11719bbfa4a4cf9ad
at org.openqa.selenium.remote.codec.w3c.W3CHttpResponseCodec.createException(W3CHttpResponseCodec.java:200)
at org.openqa.selenium.remote.codec.w3c.W3CHttpResponseCodec.decode(W3CHttpResponseCodec.java:133)
at org.openqa.selenium.remote.codec.w3c.W3CHttpResponseCodec.decode(W3CHttpResponseCodec.java:52)
at org.openqa.selenium.remote.HttpCommandExecutor.execute(HttpCommandExecutor.java:191)
at org.openqa.selenium.remote.service.DriverCommandExecutor.invokeExecute(DriverCommandExecutor.java:196)
at org.openqa.selenium.remote.service.DriverCommandExecutor.execute(DriverCommandExecutor.java:171)
at org.openqa.selenium.remote.RemoteWebDriver.execute(RemoteWebDriver.java:602)
at org.openqa.selenium.remote.ElementLocation$ElementFinder$2.findElement(ElementLocation.java:165)
at org.openqa.selenium.remote.ElementLocation.findElement(ElementLocation.java:59)
at org.openqa.selenium.remote.RemoteWebDriver.findElement(RemoteWebDriver.java:359)
at org.openqa.selenium.remote.RemoteWebDriver.findElement(RemoteWebDriver.java:353)
at org.openqa.selenium.support.pagefactory.DefaultElementLocator.findElement(DefaultElementLocator.java:68)
at org.openqa.selenium.support.pagefactory.internal.LocatingElementHandler.invoke(LocatingElementHandler.java:38)
at jdk.proxy2/jdk.proxy2.$Proxy16.getText(Unknown Source)
at com.Qa.Tutorialsninja.Pages.LoginPage.retrieveNoMatchForEMailAddressOrPasswordWarningMessageText(LoginPage.java:53)
at com.Qa.Tutorialsninja.TestCases.LoginTest.verifyLoginWithValidEmailAndClickLoginButton(LoginTest.java:115)
at java.base/java.util.ArrayList.forEach(ArrayList.java:1511)
... Removed 32 stack frames]]>
    </failure>
  </testcase> <!-- verifyLoginWithValidEmailAndClickLoginButton -->
  <testcase classname="com.Qa.Tutorialsninja.TestCases.LoginTest" name="verifyLoginWithValidPasswordAndClickLoginButton" time="0.662"/>
  <testcase classname="com.Qa.Tutorialsninja.TestCases.LoginTest" name="verifyLoginWithNoCredentialsAndClickLoginButton" time="0.673"/>
</testsuite> <!-- Test -->
